[2025-04-19 18:10:41] [INFO] : Application started.
[2025-04-19 18:10:41] [INFO] : Application running.
[2025-04-19 18:11:27] [INFO] : Application started.
[2025-04-19 18:11:27] [INFO] : Application running.
[2025-04-19 18:13:10] [INFO] : Application started.
[2025-04-19 18:13:10] [INFO] : Application running.
[2025-04-19 18:13:30] [INFO] : Application started.
[2025-04-19 18:13:30] [INFO] : Application running.
[2025-04-19 18:14:31] [INFO] : Application started.
[2025-04-19 18:14:31] [INFO] : Application running.
[2025-04-19 18:17:06] [INFO] : Application started.
[2025-04-19 18:17:06] [INFO] : Application running.
[2025-04-19 18:18:21] [INFO] : Application started.
[2025-04-19 18:18:21] [INFO] : Application running.
[2025-04-19 18:21:58] [INFO] : Application started.
[2025-04-19 18:21:58] [INFO] : Application running.
[2025-04-19 18:25:35] [INFO] : Application started.
[2025-04-19 18:25:35] [INFO] : Application running.
[2025-04-19 18:33:19] [INFO] : Application started.
[2025-04-19 18:33:19] [INFO] : Application running.
[2025-04-19 18:35:23] [INFO] : Application started.
[2025-04-19 18:35:23] [INFO] : Application running.
[2025-04-19 18:49:38] [INFO] : Application started.
[2025-04-19 18:49:38] [INFO] : Application running.
[2025-04-19 20:46:35] [INFO] : Application started.
[2025-04-19 20:46:35] [INFO] : Application running.
[2025-04-19 23:01:03] [INFO] : Application started.
[2025-04-19 23:01:19] [INFO] : Application started.
[2025-04-19 23:01:47] [INFO] : Application running.
[2025-04-19 23:04:25] [INFO] : Application started.
[2025-04-19 23:05:47] [INFO] : Application started.
[2025-04-19 23:06:15] [INFO] : Application running.
[2025-04-19 23:09:53] [INFO] : Sign-out attempt: username='Player'.
[2025-04-19 23:09:53] [INFO] : Session terminated: username='Player'.
[2025-04-19 23:09:58] [INFO] : Application closed.
[2025-04-19 23:10:02] [INFO] : Application started.
[2025-04-19 23:10:30] [INFO] : Application running.
[2025-04-19 23:11:14] [INFO] : Application started.
[2025-04-19 23:12:16] [INFO] : Application running.
[2025-04-19 23:13:13] [INFO] : Sign-out attempt: username='Player'.
[2025-04-19 23:13:13] [INFO] : Session terminated: username='Player'.
[2025-04-19 23:13:18] [INFO] : Application closed.
[2025-04-19 23:15:22] [INFO] : Application started.
[2025-04-19 23:15:48] [INFO] : Application running.
[2025-04-19 23:17:06] [INFO] : Application started.
[2025-04-19 23:17:36] [INFO] : Application running.
[2025-04-19 23:17:58] [INFO] : Application closed.
[2025-04-19 23:18:02] [INFO] : Application started.
[2025-04-19 23:18:31] [INFO] : Application running.
[2025-04-19 23:20:25] [INFO] : Application started.
[2025-04-19 23:20:25] [INFO] : Application running.
[2025-04-19 23:23:28] [INFO] : Application started.
[2025-04-19 23:23:28] [INFO] : Application running.
[2025-04-19 23:26:06] [INFO] : Application started.
[2025-04-19 23:26:06] [INFO] : Application running.
[2025-04-19 23:27:26] [INFO] : Application started.
[2025-04-19 23:27:26] [INFO] : Application running.
[2025-04-19 23:29:28] [INFO] : Application started.
[2025-04-19 23:29:28] [INFO] : Application running.
[2025-04-19 23:49:09] [INFO] : Application started.
[2025-04-19 23:49:09] [INFO] : Application running.
[2025-04-19 23:50:47] [INFO] : Application started.
[2025-04-19 23:50:47] [INFO] : Application running.
[2025-04-19 23:50:58] [INFO] : Account successfully created: username='allison'.
[2025-04-19 23:50:58] [INFO] : Sign-in attempt: username='allison'.
[2025-04-19 23:50:58] [INFO] : Session started: username='allison'.
[2025-04-19 23:51:23] [INFO] : Sign-in attempt: username='allison'.
[2025-04-19 23:51:23] [INFO] : Session started: username='allison'.
[2025-04-19 23:51:41] [INFO] : Preferences successfully saved: username='allison'.
[2025-04-19 23:52:02] [INFO] : Application closed.
[2025-04-19 23:58:14] [INFO] : Application started.
[2025-04-19 23:58:14] [INFO] : Application running.
[2025-04-19 23:58:27] [ERROR] : Failed to load user account: username='allison' does not exist.
[2025-04-19 23:58:42] [INFO] : Account successfully created: username='allison'.
[2025-04-19 23:58:42] [INFO] : Sign-in attempt: username='allison'.
[2025-04-19 23:58:42] [INFO] : Session started: username='allison'.
[2025-04-20 00:01:44] [INFO] : Application started.
[2025-04-20 00:01:44] [INFO] : Application running.
[2025-04-20 00:02:04] [ERROR] : Failed to load user account: username='allison' already exists.
[2025-04-20 00:02:23] [INFO] : Account successfully created: username='allixon'.
[2025-04-20 00:02:23] [INFO] : Sign-in attempt: username='allixon'.
[2025-04-20 00:02:23] [INFO] : Session started: username='allixon'.
[2025-04-20 00:02:42] [INFO] : Profile successfully updated: username='alli'.
[2025-04-20 00:02:58] [INFO] : Sign-out attempt: username='Player'.
[2025-04-20 00:02:58] [INFO] : Session terminated: username='Player'.
[2025-04-20 00:04:34] [INFO] : Application started.
[2025-04-20 00:04:34] [INFO] : Application running.
[2025-04-20 00:05:14] [INFO] : Application started.
[2025-04-20 00:05:14] [INFO] : Application running.
[2025-04-20 00:05:31] [INFO] : Sign-in attempt: username='allison'.
[2025-04-20 00:05:31] [INFO] : Session started: username='allison'.
[2025-04-20 00:05:57] [INFO] : Preferences successfully saved: username='allison'.
[2025-04-20 00:06:03] [INFO] : Preferences successfully saved: username='allison'.
[2025-04-20 00:06:08] [INFO] : Preferences successfully saved: username='allison'.
[2025-04-20 00:09:18] [INFO] : Application started.
[2025-04-20 00:09:18] [INFO] : Application running.
[2025-04-20 00:09:28] [INFO] : Sign-in attempt: username='alli'.
[2025-04-20 00:09:28] [INFO] : Session started: username='alli'.
[2025-04-20 00:09:45] [INFO] : Preferences successfully saved: username='alli'.
[2025-04-20 00:09:51] [INFO] : Preferences successfully saved: username='alli'.
[2025-04-20 00:09:55] [INFO] : Preferences successfully saved: username='alli'.
[2025-04-20 00:10:00] [INFO] : Preferences successfully saved: username='alli'.
[2025-04-20 00:10:19] [INFO] : Profile successfully updated: username='cutie'.
[2025-04-20 00:10:27] [INFO] : Sign-out attempt: username='Player'.
[2025-04-20 00:10:27] [INFO] : Session terminated: username='Player'.
[2025-04-20 00:12:03] [INFO] : Application started.
[2025-04-20 00:12:03] [INFO] : Application running.
[2025-04-20 00:12:50] [INFO] : Sign-in attempt: username='allison'.
[2025-04-20 00:12:50] [INFO] : Session started: username='allison'.
[2025-04-20 00:13:30] [INFO] : Application started.
[2025-04-20 00:13:30] [INFO] : Application running.
[2025-04-20 00:13:43] [INFO] : Sign-in attempt: username='allison'.
[2025-04-20 00:13:43] [INFO] : Session started: username='allison'.
[2025-04-20 00:15:31] [INFO] : Application started.
[2025-04-20 00:15:31] [INFO] : Application running.
[2025-04-20 00:15:44] [INFO] : Sign-in attempt: username='allison'.
[2025-04-20 00:15:44] [INFO] : Session started: username='allison'.
[2025-04-20 00:17:00] [INFO] : Application started.
[2025-04-20 00:17:00] [INFO] : Application running.
[2025-04-20 00:17:17] [INFO] : Sign-in attempt: username='allison'.
[2025-04-20 00:17:17] [INFO] : Session started: username='allison'.
[2025-04-20 00:17:27] [INFO] : Preferences successfully saved: username='allison'.
[2025-04-20 00:19:22] [INFO] : Application started.
[2025-04-20 00:19:22] [INFO] : Application running.
[2025-04-20 00:19:32] [INFO] : Sign-in attempt: username='allison'.
[2025-04-20 00:19:32] [INFO] : Session started: username='allison'.
[2025-04-20 00:28:04] [INFO] : Application started.
[2025-04-20 00:28:04] [INFO] : Application running.
[2025-04-20 00:30:07] [INFO] : Application started.
[2025-04-20 00:30:07] [INFO] : Application running.
[2025-04-20 00:31:26] [INFO] : Application started.
[2025-04-20 00:31:26] [INFO] : Application running.
[2025-04-20 00:31:36] [INFO] : Sign-in attempt: username='allison'.
[2025-04-20 00:31:36] [INFO] : Session started: username='allison'.
[2025-04-20 00:32:47] [INFO] : Progress successfully saved: username='allison'.
